current directory: /Users/ajeas/Desktop/crud-rails-react/vendor/bundle/ruby/3.0.0/gems/sqlite3-1.3.13/ext/sqlite3
/Users/ajeas/.rvm/rubies/ruby-3.0.1/bin/ruby -I /Users/ajeas/.rvm/rubies/ruby-3.0.1/lib/ruby/3.0.0 -r ./siteconf20210831-42985-juwiuv.rb extconf.rb --with-sqlite3-lib\=/usr/lib
checking for sqlite3.h... yes
checking for pthread_create() in -lpthread... yes
checking for sqlite3_libversion_number() in -lsqlite3... yes
checking for rb_proc_arity()... yes
checking for rb_integer_pack()... yes
checking for sqlite3_initialize()... yes
checking for sqlite3_backup_init()... yes
checking for sqlite3_column_database_name()... yes
checking for sqlite3_enable_load_extension()... no
checking for sqlite3_load_extension()... no
checking for sqlite3_open_v2()... yes
checking for sqlite3_prepare_v2()... yes
checking for sqlite3_int64 in sqlite3.h... yes
checking for sqlite3_uint64 in sqlite3.h... yes
creating Makefile

current directory: /Users/ajeas/Desktop/crud-rails-react/vendor/bundle/ruby/3.0.0/gems/sqlite3-1.3.13/ext/sqlite3
make DESTDIR\= clean

current directory: /Users/ajeas/Desktop/crud-rails-react/vendor/bundle/ruby/3.0.0/gems/sqlite3-1.3.13/ext/sqlite3
make DESTDIR\=
compiling backup.c
compiling database.c
database.c:60:3: error: implicit declaration of function 'rb_check_safe_obj' is invalid in C99 [-Werror,-Wimplicit-function-declaration]
  rb_check_safe_obj(file);
  ^
database.c:60:3: note: did you mean 'rb_check_safe_str'?
/Users/ajeas/.rvm/rubies/ruby-3.0.1/include/ruby-3.0.0/ruby/internal/core/rstring.h:97:6: note: 'rb_check_safe_str' declared here
void rb_check_safe_str(VALUE);
     ^
1 error generated.
make: *** [database.o] Error 1

make failed, exit code 2
